0 info it worked if it ends with ok
1 verbose cli [ 'F:\\NodeJS\\node.exe',
1 verbose cli   'C:\\Users\\mdb-99\\AppData\\Roaming\\npm\\node_modules\\npm\\bin\\npm-cli.js',
1 verbose cli   'run',
1 verbose cli   'build' ]
2 info using npm@3.10.9
3 info using node@v4.4.4
4 verbose stack Error: ENOENT: no such file or directory, open 'F:\Vue-Demo\vue-music\package.json'
4 verbose stack     at Error (native)
5 verbose cwd F:\Vue-Demo\vue-music
6 error Windows_NT 10.0.10240
7 error argv "F:\\NodeJS\\node.exe" "C:\\Users\\mdb-99\\AppData\\Roaming\\npm\\node_modules\\npm\\bin\\npm-cli.js" "run" "build"
8 error node v4.4.4
9 error npm  v3.10.9
10 error path F:\Vue-Demo\vue-music\package.json
11 error code ENOENT
12 error errno -4058
13 error syscall open
14 error enoent ENOENT: no such file or directory, open 'F:\Vue-Demo\vue-music\package.json'
15 error enoent ENOENT: no such file or directory, open 'F:\Vue-Demo\vue-music\package.json'
15 error enoent This is most likely not a problem with npm itself
15 error enoent and is related to npm not being able to find a file.
16 verbose exit [ -4058, true ]
